############################################################
## KLIMB Ride Log Entry
Date: Mar 17, 2019
Title: First OLH of the season
Distance: 
Climbing: 
Avg: 
Max: 
Time: 02:15
KLIMB Distance: 27.9
KLIMB Climbing: 2950
KLIMB Nodes: n546 n909 n556 n908 n563 n573 n913 n547 n572 n609 n602 n578 n911 n849 n848 n847 n909 n546
KLIMB Roads: r1423 r1420 r1418 r1421 r928 r1434 r1429 r896 r943 r994 r952 r1427 r1460 r1463 r1462 r1458 r1423
KLIMB NewNodes:
KLIMB NewRoads:
KLIMB Splits:
KLIMB Zone: San Francisco Bay Area
KLIMB Region: Peninsula
KLIMB Mag: 13
KLIMB Version: 4.50
Comments: OLH: 32
############################################################
############################################################
## KLIMB Ride Log Entry
Date: Apr  7, 2019
Title: OLH & West Alpine
Distance: 
Climbing: 
Avg: 
Max: 
Time: 03:30
KLIMB Distance: 33.9
KLIMB Climbing: 2435
KLIMB Nodes: Xn100 n507 n506 n858 n521 n912 n563 n573 n913 n547 n572 n581 n559 n533 n540 n521 n858 n506 n507
KLIMB Roads: Xr1486 r811 r680 r809 r1431 r1430 r928 r1434 r1429 r896 r941 r920 r867 r868 r841 r809 r680 r811
KLIMB NewNodes:
      Xn100 {{Loma Verde Ave & Middlefield Rd} 15 37 25 44.65 122 7 20.3}
KLIMB NewRoads:
      Xr1486 {n507 Xn100 15+? 1.5+? 0 4 {Middlefield Rd} {} {37 26 8.6 122 7 58.7 37 25 53.5 122 7 34.1} {18 15} 2 {} {}}
      Xr1487 {Xn100 n865 0 0.9+? 0 4 {Middlefield Rd} {} {37 25 22.1 122 6 45.1} 17 2 {} {}}
KLIMB Splits:
      r119 {Xn100 Xr1486 Xr1487}
KLIMB Zone: San Francisco Bay Area
KLIMB Region: Peninsula
KLIMB Mag: 13
KLIMB Version: 4.50
Comments: 35 OLH
West Alpine closed to cars
############################################################
############################################################
## KLIMB Ride Log Entry
Date: Apr 13, 2019
Title: West Alpine
Distance: 
Climbing: 
Avg: 
Max: 
Time: 03:30
KLIMB Distance: 32.9
KLIMB Climbing: 4110
KLIMB Nodes: n556 n908 n563 n573 n913 n547 n572 n581 n613 n616 n623 n609 n602 n578 n911 n908 n556
KLIMB Roads: r1418 r1421 r928 r1434 r1429 r896 r941 r957 r1019 r1024 r1011 r994 r952 r1427 r1419 r1418
KLIMB NewNodes:
KLIMB NewRoads:
KLIMB Splits:
KLIMB Zone: San Francisco Bay Area
KLIMB Region: Peninsula
KLIMB Mag: 13
KLIMB Version: 4.50
Comments: 36 up OLH
############################################################
############################################################
## KLIMB Ride Log Entry
Date: Apr 18, 2019
Title: Thursday Hookie
Distance: 
Climbing: 
Avg: 
Max: 
Time: 02:00
KLIMB Distance: 27.5
KLIMB Climbing: 2310
KLIMB Nodes: n556 n908 n563 n573 n913 n547 n572 n559 n533 n540 n516 n540 n521 n536 n556
KLIMB Roads: r1418 r1421 r928 r1434 r1429 r896 r919 r867 r868 r832 r832 r841 r843 r874
KLIMB NewNodes:
KLIMB NewRoads:
KLIMB Splits:
KLIMB Zone: San Francisco Bay Area
KLIMB Region: Peninsula
KLIMB Mag: 13
KLIMB Version: 4.50
Comments: 28:15 OLH
############################################################
############################################################
## KLIMB Ride Log Entry
Date: Apr 20, 2019
Title: Mtn Charlie
Distance: 
Climbing: 
Avg: 
Max: 
Time: 04:00
KLIMB Distance: 38.6
KLIMB Climbing: 3475
KLIMB Nodes: n695 n845 n714 n720 n724 n760 n769 n791 n790 n786 n762 n734 n709 n845 n695
KLIMB Roads: r1454 r1455 r1195 r1207 r1213 r1276 r1291 r1321 r1316 r1280 r1230 r1182 r348 r1454
KLIMB NewNodes:
KLIMB NewRoads:
KLIMB Splits:
KLIMB Zone: San Francisco Bay Area
KLIMB Region: Peninsula
KLIMB Mag: 13
KLIMB Version: 4.50
Comments: Ran into 3 riders who did the Trek Dolomite trip two years ago
############################################################
############################################################
## KLIMB Ride Log Entry
Date: Apr 25, 2019
Title: Kings
Distance: 
Climbing: 
Avg: 
Max: 
Time: 02:00
KLIMB Distance: 20.9
KLIMB Climbing: 2705
KLIMB Nodes: Xn101.1556261814879 n540 n533 n519 n522 n526 n545 n559 n533 n540 Xn101.1556261814879
KLIMB Roads: Xr1489.1556261814921 r868 r839 r837 r845 r852 r892 r867 r868 Xr1489.1556261814921
KLIMB NewNodes:
      Xn101.1556261814879 {{My new node 99 on Sand Hill Rd} 323 37 25 5.88 122 13 16.88}
KLIMB NewRoads:
      Xr1488.1556261814907 {n521 Xn101.1556261814879 6+? 1.7+? 179+? 4 {Sand Hill Rd} {} {37 25 22.9 122 11 47.1 37 25 19.6 122 11 55.5 37 25 13.7 122 12 36.7 37 25 13.5 122 12 50.9} {201 214 329 308} 2 {} {}}
      Xr1489.1556261814921 {Xn101.1556261814879 n540 219+? 2+? 256+? 4 {Sand Hill Rd} {} {37 25 4.7 122 13 19.2 37 25 7.2 122 13 49.2 37 25 6.6 122 13 54 37 25 5.2 122 13 58.6 37 24 58.6 122 14 12.5 37 24 55.4 122 14 17.1 37 24 51.4 122 14 20.7 37 24 44.1 122 14 24.8 37 24 32.5 122 14 38.7 37 24 30.4 122 14 42.4 37 24 28.2 122 14 44 37 24 24.7 122 14 43.4 37 24 16.8 122 14 40.4} {283 424 436 425 365 349 336 297 371 398 400 399 395} 2 {} {}}
KLIMB Splits:
      r841 {Xn101.1556261814879 Xr1488.1556261814907 Xr1489.1556261814921}
KLIMB Zone: San Francisco Bay Area
KLIMB Region: Peninsula
KLIMB Mag: 13
KLIMB Version: 4.50
Comments: 
############################################################
############################################################
## KLIMB Ride Log Entry
Date: Apr 27, 2019
Title: Page Mill
Distance: 
Climbing: 
Avg: 
Max: 
Time: 02:15
KLIMB Distance: 26.7
KLIMB Climbing: 2860
KLIMB Nodes: n556 n908 n911 n578 n602 n609 n572 n559 n533 n540 n547 n913 n573 n563 n908 n556
KLIMB Roads: r1418 r1419 r1427 r952 r994 r943 r919 r867 r868 r883 r1429 r1434 r928 r1421 r1418
KLIMB NewNodes:
KLIMB NewRoads:
KLIMB Splits:
KLIMB Zone: San Francisco Bay Area
KLIMB Region: Peninsula
KLIMB Mag: 13
KLIMB Version: 4.50
Comments: 
############################################################
############################################################
## KLIMB Ride Log Entry
Date: Apr 28, 2019
Title: Soda Springs & Montevino
Distance: 
Climbing: 
Avg: 
Max: 
Time: 03:40
KLIMB Distance: 26.7
KLIMB Climbing: 5135
KLIMB Nodes: n677 n689 n694 n689 n696 n695 n685 n846 n685 n677
KLIMB Roads: r1134 r1152 r1152 r1151 r1163 r1135 r127 r127 r1133
KLIMB NewNodes:
KLIMB NewRoads:
KLIMB Splits:
KLIMB Zone: San Francisco Bay Area
KLIMB Region: Peninsula
KLIMB Mag: 13
KLIMB Version: 4.50
Comments: 
############################################################
############################################################
## KLIMB Ride Log Entry
Date: Apr 30, 2019
Title: Montebello
Distance: 
Climbing: 
Avg: 
Max: 
Time: 01:30
KLIMB Distance: 10.4
KLIMB Climbing: 2097
KLIMB Nodes: n618 n877 n618
KLIMB Roads: r1489 r1489
KLIMB NewNodes:
KLIMB NewRoads:
      r1488 {n605 n877 310+? 1.6+? 157+? 1 {Montebello Rd} {} {37 19 4.51 122 8 51.13 37 19 2.34 122 8 50.74 37 19 1.08 122 8 50.45 37 19 0.33 122 8 49.99 37 18 58.7 122 8 48.4 37 18 57.93 122 8 47.96 37 18 55.4 122 8 47.25 37 18 54.23 122 8 46.59 37 18 52.77 122 8 45.45 37 18 52.02 122 8 44.12 37 18 51.2 122 8 42.32 37 18 50.74 122 8 40.26 37 18 50.3 122 8 39.3 37 18 48.84 122 8 37.65 37 18 47.99 122 8 35.6 37 18 47.58 122 8 33.03 37 18 47.13 122 8 31.97 37 18 46.6 122 8 31.55 37 18 45.55 122 8 30.89 37 18 44.17 122 8 30.33 37 18 42.7 122 8 29.11 37 18 41.91 122 8 27.66 37 18 41.45 122 8 23.36 37 18 40.59 122 8 19.57 37 18 40.3 122 8 13.97 37 18 39.45 122 8 12.54 37 18 37.47 122 8 11.04 37 18 37.3 122 8 10.3 37 18 37.26 122 8 9.11 37 18 37.07 122 8 8.31 37 18 36.49 122 8 7.75 37 18 35.6 122 8 7.4 37 18 35.29 122 8 6.38 37 18 35.4 122 8 4.8 37 18 34.56 122 8 1.81 37 18 33.65 122 7 59.28 37 18 32.44 122 7 57.71 37 18 31.45 122 7 57.23 37 18 30.96 122 7 55.74 37 18 30.12 122 7 54.58 37 18 30.25 122 7 52.46 37 18 30.36 122 7 51.74 37 18 29.87 122 7 51.11 37 18 28.43 122 7 48.81 37 18 27.84 122 7 46.99 37 18 27.6 122 7 45.53 37 18 27.98 122 7 44.91 37 18 28.01 122 7 44.43 37 18 27.26 122 7 43.59 37 18 26.11 122 7 41.78 37 18 26.12 122 7 39.69 37 18 25.69 122 7 39.17 37 18 24.91 122 7 39.33 37 18 24.08 122 7 40.04 37 18 22.85 122 7 40.76 37 18 21.91 122 7 40.14} {2807 2814 2801 2789 2776 2748 2721 2718 2713 2708 2701 2694 2683 2671 2666 2656 2644 2641 2625 2615 2622 2614 2613 2603 2572 2570 2573 2575 2581 2572 2586 2574 2593 2571 2609 2616 2625 2631 2639 2642 2647 2648 2643 2638 2629 2633 2633 2628 2627 2612 2597 2601 2596 2597 2595 2582} 2 {} {}}
      r1489 {n877 n618 2097+? 5.2+? 0 0 {Montebello Rd} {} {37 18 20.29 122 7 38.44 37 18 18.98 122 7 38.13 37 18 17.54 122 7 36.49 37 18 16.2 122 7 36.1 37 18 15.8 122 7 34.4 37 18 12.9 122 7 29.4 37 18 12.5 122 7 25.7 37 18 9.2 122 7 22.6 37 18 5 122 7 15.8 37 18 3 122 7 14.9 37 18 1.4 122 7 9.3 37 18 3.5 122 7 6.2 37 18 2.1 122 7 3.8 37 18 2.1 122 7 3.1 37 18 1.1 122 7 1.3 37 18 2.4 122 6 59.2 37 18 1.7 122 6 57.2 37 18 4 122 6 54.4 37 18 6.3 122 6 53.8 37 18 6.2 122 6 52.4 37 18 3 122 6 52 37 18 2.6 122 6 46.7 37 18 2.4 122 6 44.5 37 18 0.5 122 6 43.3 37 17 59 122 6 39.1 37 17 56.4 122 6 38.8 37 17 57.5 122 6 46.4 37 17 49.2 122 6 42.4 37 17 46 122 6 43.4 37 17 44.5 122 6 45 37 17 40.5 122 6 45.1 37 17 41 122 6 43.5 37 17 43.8 122 6 43.7 37 17 49.2 122 6 38.6 37 17 49.7 122 6 32 37 17 49.5 122 6 25.1 37 17 47.2 122 6 21.7 37 17 43 122 6 16.9 37 17 42.4 122 6 14.5 37 17 40.3 122 6 12.5 37 17 38.9 122 6 9 37 17 35.9 122 6 7.7 37 17 36.1 122 6 6.5 37 17 38.5 122 6 3.7 37 17 36.4 122 6 1.3 37 17 35.9 122 5 55.4 37 17 35.3 122 5 53.3 37 17 34.2 122 5 51 37 17 32.1 122 5 51.1 37 17 31.5 122 5 49.4 37 17 29 122 5 48.3 37 17 27.6 122 5 46.9 37 17 27.1 122 5 44.7 37 17 25.5 122 5 44.1 37 17 24.5 122 5 45.8 37 17 22.8 122 5 42.6 37 17 20.6 122 5 42.4 37 17 21.3 122 5 40.7 37 17 21.9 122 5 38.7 37 17 16.8 122 5 32.8 37 17 16.4 122 5 27.9 37 17 13.7 122 5 22 37 17 14 122 5 19.2 37 17 13.2 122 5 17.7 37 17 10.6 122 5 18.5 37 17 10.2 122 5 17.5 37 17 13 122 5 16.6 37 17 23.5 122 5 21.4 37 17 26.3 122 5 27.5 37 17 28.1 122 5 27.4 37 17 29.4 122 5 25.2 37 17 31.9 122 5 25.1 37 17 33.2 122 5 25.9 37 17 35.2 122 5 29.7 37 17 38.5 122 5 32.5 37 17 41.9 122 5 33 37 17 42.8 122 5 32 37 17 44.2 122 5 30.8 37 17 42.5 122 5 27.4 37 17 42.2 122 5 22.8 37 17 43.1 122 5 21.5 37 17 45.7 122 5 20.9 37 17 44.2 122 5 11.3 37 17 42.8 122 5 9.3 37 17 45.2 122 5 9.3 37 17 46.9 122 5 11.1 37 17 45.9 122 5 8.2 37 17 43.6 122 5 4.5} {2570 2555 2550 2538 2527 2517 2508 2487 2416 2409 2370 2334 2329 2322 2280 2245 2224 2179 2176 2171 2151 2100 2092 2072 2057 2033 2013 1917 1882 1895 1824 1801 1825 1785 1710 1670 1641 1621 1613 1624 1625 1592 1583 1575 1573 1538 1521 1529 1548 1538 1540 1536 1512 1503 1515 1484 1472 1459 1422 1398 1371 1315 1289 1269 1279 1273 1239 1146 1111 1065 1037 996 984 970 950 880 887 863 828 819 811 779 711 671 648 627 587 559} 2 zoom {}}
KLIMB Splits:
      r1001 {n877 r1488 r1489}
KLIMB Zone: San Francisco Bay Area
KLIMB Region: Peninsula
KLIMB Mag: 13
KLIMB Version: 4.50
Comments: 
############################################################
############################################################
## KLIMB Ride Log Entry
Date: May  4, 2019
Title: King's plus Tunitas
Distance: 
Climbing: 
Avg: 
Max: 
Time: 02:45
KLIMB Distance: 22.5
KLIMB Climbing: 3450
KLIMB Nodes: n519 n522 n523 n543 n523 n528 n526 n522 n519
KLIMB Roads: r837 r844 r846 r846 r847 r851 r845 r837
KLIMB NewNodes:
KLIMB NewRoads:
KLIMB Splits:
KLIMB Zone: San Francisco Bay Area
KLIMB Region: Peninsula
KLIMB Mag: 13
KLIMB Version: 4.50
Comments: 
############################################################
############################################################
## KLIMB Ride Log Entry
Date: May  8, 2019
Title: Broken Spoke on Mt Hamilton
Distance: 
Climbing: 
Avg: 
Max: 
Time: 02:00
KLIMB Distance: 24
KLIMB Climbing: 2793
KLIMB Nodes: n564 n565 n591 Xn100.1557337113546 n591 n565 n564
KLIMB Roads: r930 r931 Xr1490.1557337113574 Xr1490.1557337113574 r931 r930
KLIMB NewNodes:
      Xn100.1557337113546 {{My new node 99 on Mt Hamilton Rd} 2127 37 19 25.5 121 40 8.06}
KLIMB NewRoads:
      Xr1490.1557337113574 {n591 Xn100.1557337113546 293+? 4.5+? 760+? 4 {Mt Hamilton Rd} {} {37 20 30.5 121 43 17.8 37 20 29.1 121 43 15.5 37 20 29 121 43 13.7 37 20 29.8 121 43 10.3 37 20 32.4 121 42 58.2 37 20 31.8 121 42 54.8 37 20 29.7 121 42 52 37 20 27.5 121 42 49.5 37 20 26.5 121 42 46.7 37 20 25.9 121 42 44 37 20 24.4 121 42 41 37 20 23.5 121 42 38.7 37 20 23.7 121 42 37.1 37 20 22.5 121 42 35.3 37 20 20.5 121 42 33.8 37 20 18.7 121 42 32.7 37 20 17.1 121 42 30 37 20 16.1 121 42 27.3 37 20 15.5 121 42 25.1 37 20 14 121 42 25.2 37 20 12.8 121 42 24.8 37 20 11.5 121 42 23.5 37 20 10.9 121 42 20.6 37 20 10.1 121 42 18.8 37 20 8.2 121 42 16.6 37 20 7.3 121 42 11.8 37 20 5.8 121 42 8.6 37 20 3.8 121 42 5.8 37 20 5.2 121 42 3.8 37 20 5.9 121 42 2.7 37 20 7.5 121 42 1.9 37 20 8.2 121 41 58.7 37 20 5.7 121 41 57.4 37 20 4.1 121 41 56.7 37 20 4.1 121 41 55.6 37 20 4.6 121 41 54 37 20 3.9 121 41 52.5 37 20 2.6 121 41 49.5 37 20 3.4 121 41 47.5 37 20 2.6 121 41 46.7 37 20 2 121 41 47.2 37 20 0.6 121 41 47.2 37 19 59.3 121 41 50.9 37 19 58 121 41 50.6 37 19 56.1 121 41 49.5 37 19 55.1 121 41 46.9 37 19 53.1 121 41 47.1 37 19 53 121 41 46 37 19 53.6 121 41 43.6 37 19 53.1 121 41 42.5 37 19 51.2 121 41 43 37 19 50.7 121 41 41.8 37 19 50.6 121 41 39.9 37 19 50 121 41 37.9 37 19 50.3 121 41 34.6 37 19 48.4 121 41 33.4 37 19 47.9 121 41 31.1 37 19 46.4 121 41 32.4 37 19 46.1 121 41 34.1 37 19 45.1 121 41 35 37 19 44 121 41 34.7 37 19 43.4 121 41 32.8 37 19 44.6 121 41 31.8 37 19 44.1 121 41 30.1 37 19 44 121 41 28.4 37 19 45.1 121 41 27.8 37 19 46.3 121 41 27.7 37 19 46.7 121 41 25.6 37 19 45.9 121 41 23.9 37 19 46.2 121 41 22 37 19 47.1 121 41 20.9 37 19 48.6 121 41 21.7 37 19 50.1 121 41 22.4 37 19 51.2 121 41 21.7 37 19 52 121 41 20.4 37 19 51.8 121 41 19 37 19 51.8 121 41 17.6 37 19 53.1 121 41 17.1 37 19 54.5 121 41 17 37 19 54.9 121 41 15.3 37 19 55 121 41 13.2 37 19 54.4 121 41 11.2 37 19 53.9 121 41 8.5 37 19 53.1 121 41 6.7 37 19 52.1 121 41 6.4 37 19 51.8 121 41 7.8 37 19 51.2 121 41 9.6 37 19 50 121 41 9.3 37 19 49 121 41 8.3 37 19 49.4 121 41 5.9 37 19 48.8 121 41 4.2 37 19 47.5 121 41 3.4 37 19 46.1 121 41 2.8 37 19 46 121 41 0.2 37 19 45.7 121 40 59.4 37 19 43.7 121 40 59.2 37 19 43 121 40 58.1 37 19 43.5 121 40 54.7 37 19 43.9 121 40 51.5 37 19 44.2 121 40 48.5 37 19 44.6 121 40 46.9 37 19 45.2 121 40 43.4 37 19 45.8 121 40 39.9 37 19 46.1 121 40 37.5 37 19 45.4 121 40 37.3 37 19 44.6 121 40 36.8 37 19 44.3 121 40 34 37 19 42.8 121 40 31.7 37 19 41.1 121 40 29.1 37 19 38.8 121 40 27.3 37 19 35.5 121 40 25.5 37 19 33.7 121 40 25 37 19 31.9 121 40 23.4 37 19 30.6 121 40 20.1 37 19 29.1 121 40 16.5 37 19 27.4 121 40 13.6 37 19 25 121 40 11 37 19 24 121 40 9.6} {1643 1629 1623 1603 1593 1597 1619 1638 1643 1655 1659 1660 1675 1687 1695 1694 1704 1714 1734 1742 1743 1743 1766 1777 1788 1819 1832 1847 1858 1864 1873 1899 1899 1896 1908 1923 1941 1933 1954 1940 1940 1979 1973 1989 1981 2027 2016 2032 2019 2027 2051 2067 2058 2065 2079 2091 2110 2108 2111 2135 2141 2134 2149 2137 2137 2142 2154 2158 2172 2173 2173 2189 2193 2215 2231 2225 2216 2228 2235 2254 2269 2265 2267 2313 2313 2306 2308 2326 2336 2338 2332 2333 2331 2352 2352 2343 2346 2344 2353 2351 2345 2302 2305 2288 2294 2296 2268 2264 2244 2217 2209 2197 2182 2199 2190 2175 2170 2152} 2 {} {}}
      Xr1491.1557337113632 {n598 Xn100.1557337113546 430+? 1.4+? 17+? 4 {Mt Hamilton Rd} {} {37 20 0.9 121 40 2.8 37 19 59.6 121 40 4.4 37 19 58.9 121 40 4.7 37 19 57.6 121 40 3.8 37 19 57.3 121 40 2.6 37 19 57.8 121 40 0.8 37 19 57.1 121 40 0.2 37 19 55.4 121 40 1.1 37 19 52.4 121 40 1.3 37 19 51.2 121 40 1.2 37 19 50.1 121 40 0.5 37 19 49.6 121 39 58.9 37 19 50.5 121 39 57.7 37 19 51.2 121 39 56.2 37 19 48.7 121 39 55 37 19 47.2 121 39 54.9 37 19 46.1 121 39 53.1 37 19 45.1 121 39 53.5 37 19 44.8 121 39 55.1 37 19 44.2 121 39 56.7 37 19 43.9 121 39 58.6 37 19 43.2 121 39 59.1 37 19 42 121 39 57.9 37 19 39 121 39 57.8 37 19 38.2 121 40 0 37 19 38.3 121 40 1.4 37 19 38.3 121 40 3.2 37 19 37.4 121 40 4.6 37 19 36.3 121 40 4.7 37 19 35.2 121 40 4.4 37 19 34.5 121 40 5.2 37 19 34.3 121 40 8.4 37 19 36.2 121 40 9.3 37 19 37.9 121 40 10.5 37 19 38.4 121 40 12.6 37 19 39.6 121 40 15.6 37 19 39.2 121 40 16.4 37 19 37.7 121 40 15.1 37 19 35.7 121 40 13.7 37 19 33.2 121 40 11.6 37 19 31.2 121 40 10.1 37 19 29.7 121 40 9 37 19 27.6 121 40 7.5 37 19 25.4 121 40 8.3} {2557 2537 2526 2501 2493 2507 2508 2496 2470 2463 2462 2453 2444 2416 2417 2414 2428 2426 2393 2386 2374 2375 2383 2348 2339 2322 2309 2295 2290 2297 2292 2258 2252 2245 2234 2215 2208 2225 2203 2192 2189 2185 2156 2129} 2 {} {}}
KLIMB Splits:
      r975 {Xn100.1557337113546 Xr1490.1557337113574 Xr1491.1557337113632}
KLIMB Zone: San Francisco Bay Area
KLIMB Region: SouthBay
KLIMB Mag: 13
KLIMB Version: 4.50
Comments: 
############################################################
############################################################
## KLIMB Ride Log Entry
Date: May 11, 2019
Title: Mt Hamilton success
Distance: 
Climbing: 
Avg: 
Max: 
Time: 03:30
KLIMB Distance: 36.2
KLIMB Climbing: 4730
KLIMB Nodes: n564 n565 n591 n598 n593 n598 n591 n565 n564
KLIMB Roads: r930 r931 r975 r980 r980 r975 r931 r930
KLIMB NewNodes:
KLIMB NewRoads:
KLIMB Splits:
KLIMB Zone: San Francisco Bay Area
KLIMB Region: SouthBay
KLIMB Mag: 13
KLIMB Version: 4.50
Comments: 2:10(?) up
############################################################
############################################################
## KLIMB Ride Log Entry
Date: May 14, 2019
Title: Alba and Zanyante
Distance: 
Climbing: 
Avg: 
Max: 
Time: 03:30
KLIMB Distance: 35.5
KLIMB Climbing: 4790
KLIMB Nodes: n715 n838 n732 n744 n755 n758 n916 n746 n721 n700 n698 n692 n715
KLIMB Roads: r1417 r1415 r1225 r1246 r1266 r1441 r1439 r1208 r1169 r1166 r1156 r1155
KLIMB NewNodes:
KLIMB NewRoads:
KLIMB Splits:
KLIMB Zone: San Francisco Bay Area
KLIMB Region: Peninsula
KLIMB Mag: 13
KLIMB Version: 4.50
Comments: 
############################################################
